{"level":"info","message":"Posts carregados com sucesso"}
{"level":"error","message":"Ops, algo ocorreu mal"}
{"level":"info","message":"Posts carregados com sucesso"}
{"level":"error","message":"Ops, algo ocorreu mal"}
{"level":"info","message":"Posts carregados com sucesso"}
{"level":"info","message":"Posts carregados com sucesso"}
{"level":"info","message":"Posts carregados com sucesso"}
{"level":"info","message":"Posts carregados com sucesso"}
undefined [undefined] info: Posts carregados com sucesso
undefined [undefined] info: Posts carregados com sucesso
undefined [undefined] info: Posts carregados com sucesso
undefined [undefined] info: Posts carregados com sucesso
undefined [undefined] info: Posts carregados com sucesso
2025-03-07T20:42:50.910Z [right meow!] info: Posts carregados com sucesso
2025-03-07T20:43:00.583Z [right meow!] info: Posts carregados com sucesso
2025-03-07T20:45:53.357Z - info: Posts carregados com sucesso
2025-03-07T20:49:12.753Z - info: Posts carregados com sucesso
2025-03-07T20:50:15.443Z - info: Posts carregados com sucesso
2025-03-07T20:50:24.315Z - info: Posts carregados com sucesso
2025-03-07T20:50:38.530Z - info: Posts carregados com sucesso
2025-03-07T20:50:51.977Z - info: Posts carregados com sucesso
2025-03-07T20:51:47.097Z - info: Posts carregados com sucesso
2025-03-07T20:52:39.884Z - info: Posts carregados com sucesso
2025-03-07T20:52:39.886Z - info: Posts carregados com sucesso
2025-03-07T20:52:39.886Z - info: Posts carregados com sucesso
2025-03-07T20:52:39.886Z - info: Posts carregados com sucesso
2025-03-07T20:52:57.706Z - info: Posts carregados com sucesso
2025-03-07T20:53:01.120Z - info: Posts carregados com sucesso
2025-03-07T20:53:11.370Z - info: Posts carregados com sucesso
2025-03-07T20:53:15.949Z - info: Posts carregados com sucesso
2025-03-07T20:54:26.363Z - info: Posts carregados com sucesso
2025-03-07T20:54:26.388Z - info: Posts carregados com sucesso
2025-03-07T20:54:55.609Z - info: Posts carregados com sucesso
2025-03-07T20:55:02.472Z - info: Posts carregados com sucesso
2025-03-07T20:55:50.096Z - info: Posts carregados com sucesso
2025-03-07T21:00:42.336Z - info: Posts carregados com sucesso
2025-03-07T21:02:27.823Z - info: Posts carregados com sucesso
2025-03-08T10:49:13.345Z - info: Posts carregados com sucesso
2025-03-08T10:55:26.436Z - info: Posts carregados com sucesso
2025-03-08T11:22:02.959Z - info: Posts carregados com sucesso
2025-03-08T11:22:15.903Z - info: Posts carregados com sucesso
2025-03-09T13:27:00.700Z - error: Problema ao obter os posts
2025-03-09T18:59:36.775Z - error: author is not defined
2025-03-12T18:40:49.258Z - error: 
Invalid `prisma.post.findMany()` invocation:


Can't reach database server at `localhost:5432`

Please make sure your database server is running at `localhost:5432`.
